image_utils.py:4: error: Cannot find implementation or library stub for module named "cv2"  [import]
image_utils.py:4: note: See https://mypy.readthedocs.io/en/stable/running_mypy.html#missing-imports
image_utils.py:5: error: Cannot find implementation or library stub for module named "numpy"  [import]
Found 11 errors in 5 files (checked 1 source file)
Module modules.battlenetloop
battlenetloop.py:1:0: C0114: Missing module docstring (missing-module-docstring)
battlenetloop.py:10:0: C0116: Missing function or method docstring (missing-function-docstring)
battlenetloop.py:11:4: W0106: Expression "find_element(Button.battlenet.filename, Action.move_and_click) and time.sleep(1)" is assigned to nothing (expression-not-assigned)
battlenetloop.py:13:4: W0106: Expression "find_element(Button.battlenet_hearthstone.filename, Action.move_and_click) and time.sleep(1)" is assigned to nothing (expression-not-assigned)
battlenetloop.py:4:0: C0411: standard import "import logging" should be placed before "from .constants import Button, Action" (wrong-import-order)
C:\Documents and Settings\josh\Downloads\Mercenaries_Farm_Bot-Realive-main\modules\bounty.py:67:101: E501 line too long (111 > 100 characters)
C:\Documents and Settings\josh\Downloads\Mercenaries_Farm_Bot-Realive-main\modules\bounty.py:73:101: E501 line too long (121 > 100 characters)
Module modules.bounty
bounty.py:67:0: C0301: Line too long (111/100) (line-too-long)
bounty.py:73:0: C0301: Line too long (121/100) (line-too-long)
bounty.py:1:0: C0114: Missing module docstring (missing-module-docstring)
bounty.py:36:4: C0103: Variable name "collectAttempts" doesn't conform to snake_case naming style (invalid-name)
bounty.py:39:8: C0103: Variable name "collectAttempts" doesn't conform to snake_case naming style (invalid-name)
bounty.py:77:12: W1203: Use lazy % formatting in logging functions (logging-fstring-interpolation)
bounty.py:83:0: C0103: Function name "quitBounty" doesn't conform to snake_case naming style (invalid-name)
bounty.py:154:20: C0103: Variable name "x" doesn't conform to snake_case naming style (invalid-name)
bounty.py:155:20: C0103: Variable name "y" doesn't conform to snake_case naming style (invalid-name)
bounty.py:166:16: C0103: Variable name "x" doesn't conform to snake_case naming style (invalid-name)
bounty.py:166:19: C0103: Variable name "y" doesn't conform to snake_case naming style (invalid-name)
bounty.py:98:0: R0912: Too many branches (16/12) (too-many-branches)
bounty.py:98:0: R0915: Too many statements (53/50) (too-many-statements)
bounty.py:178:0: C0116: Missing function or method docstring (missing-function-docstring)
bounty.py:178:0: C0103: Function name "searchForEncounter" doesn't conform to snake_case naming style (invalid-name)
bounty.py:181:8: C0103: Variable name "x" doesn't conform to snake_case naming style (invalid-name)
bounty.py:181:11: C0103: Variable name "y" doesn't conform to snake_case naming style (invalid-name)
bounty.py:182:8: W1203: Use lazy % formatting in logging functions (logging-fstring-interpolation)
bounty.py:183:11: R1716: Simplify chained comparison between the operands (chained-comparison)
bounty.py:184:12: C0103: Variable name "x" doesn't conform to snake_case naming style (invalid-name)
bounty.py:186:12: C0103: Variable name "x" doesn't conform to snake_case naming style (invalid-name)
bounty.py:193:12: C0103: Variable name "y" doesn't conform to snake_case naming style (invalid-name)
bounty.py:194:12: W1203: Use lazy % formatting in logging functions (logging-fstring-interpolation)
bounty.py:199:0: C0103: Function name "goToEncounter" doesn't conform to snake_case naming style (invalid-name)
bounty.py:206:4: C0103: Variable name "travelEnd" doesn't conform to snake_case naming style (invalid-name)
bounty.py:224:16: C0103: Variable name "travelEnd" doesn't conform to snake_case naming style (invalid-name)
bounty.py:236:12: W1203: Use lazy % formatting in logging functions (logging-fstring-interpolation)
bounty.py:260:0: W1404: Implicit string concatenation found in call (implicit-str-concat)
bounty.py:262:24: C0103: Variable name "travelEnd" doesn't conform to snake_case naming style (invalid-name)
bounty.py:265:16: C0103: Variable name "travelEnd" doesn't conform to snake_case naming style (invalid-name)
bounty.py:270:16: C0103: Variable name "travelEnd" doesn't conform to snake_case naming style (invalid-name)
bounty.py:277:8: C0103: Variable name "x" doesn't conform to snake_case naming style (invalid-name)
bounty.py:199:0: R0912: Too many branches (18/12) (too-many-branches)
bounty.py:199:0: R0915: Too many statements (56/50) (too-many-statements)
bounty.py:277:8: W0612: Unused variable 'x' (unused-variable)
bounty.py:288:0: C0103: Function name "travelToLevel" doesn't conform to snake_case naming style (invalid-name)
bounty.py:325:0: C0103: Function name "selectGroup" doesn't conform to snake_case naming style (invalid-name)
bounty.py:325:0: R1711: Useless return at end of function or method (useless-return)
bounty.py:26:0: C0411: standard import "import logging" should be placed before "from .platforms import windowMP" (wrong-import-order)
Module modules.campfire
campfire.py:1:0: C0114: Missing module docstring (missing-module-docstring)
campfire.py:26:0: C0116: Missing function or method docstring (missing-function-docstring)
campfire.py:27:4: R1705: Unnecessary "elif" after "return", remove the leading "el" from "elif" (no-else-return)
campfire.py:29:8: W0101: Unreachable code (unreachable)
campfire.py:32:8: W0101: Unreachable code (unreachable)
campfire.py:37:0: C0116: Missing function or method docstring (missing-function-docstring)
campfire.py:47:0: C0116: Missing function or method docstring (missing-function-docstring)
campfire.py:62:0: C0116: Missing function or method docstring (missing-function-docstring)
campfire.py:98:16: R1723: Unnecessary "else" after "break", remove the "else" and de-indent the code inside it (no-else-break)
campfire.py:17:0: C0411: standard import "import logging" should be placed before "from .platforms import windowMP" (wrong-import-order)
Found 5 errors in 2 files (checked 1 source file)
Module modules.constants
constants.py:1:0: C0114: Missing module docstring (missing-module-docstring)
constants.py:4:0: C0115: Missing class docstring (missing-class-docstring)
constants.py:13:4: E0213: Method '_generate_next_value_' should have "self" as first argument (no-self-argument)
constants.py:17:0: C0115: Missing class docstring (missing-class-docstring)
constants.py:19:4: C0116: Missing function or method docstring (missing-function-docstring)
constants.py:20:18: E1101: Instance of 'ImageFragment' has no '_dir_name' member (no-member)
constants.py:23:0: C0115: Missing class docstring (missing-class-docstring)
constants.py:24:4: C0103: Class constant name "_dir_name" doesn't conform to UPPER_CASE naming style (invalid-name)
constants.py:26:4: C0103: Class constant name "Alterac" doesn't conform to UPPER_CASE naming style (invalid-name)
constants.py:27:4: C0103: Class constant name "Barrens" doesn't conform to UPPER_CASE naming style (invalid-name)
constants.py:28:4: C0103: Class constant name "Bossrush" doesn't conform to UPPER_CASE naming style (invalid-name)
constants.py:29:4: C0103: Class constant name "Blackrock" doesn't conform to UPPER_CASE naming style (invalid-name)
constants.py:30:4: C0103: Class constant name "Darkshore" doesn't conform to UPPER_CASE naming style (invalid-name)
constants.py:31:4: C0103: Class constant name "Darkmoon" doesn't conform to UPPER_CASE naming style (invalid-name)
constants.py:32:4: C0103: Class constant name "Felwood" doesn't conform to UPPER_CASE naming style (invalid-name)
constants.py:33:4: C0103: Class constant name "Onyxia" doesn't conform to UPPER_CASE naming style (invalid-name)
constants.py:34:4: C0103: Class constant name "Sunken" doesn't conform to UPPER_CASE naming style (invalid-name)
constants.py:35:4: C0103: Class constant name "Winterspring" doesn't conform to UPPER_CASE naming style (invalid-name)
constants.py:36:4: C0103: Class constant name "battle" doesn't conform to UPPER_CASE naming style (invalid-name)
constants.py:37:4: C0103: Class constant name "battle_portal" doesn't conform to UPPER_CASE naming style (invalid-name)
constants.py:38:4: C0103: Class constant name "blue" doesn't conform to UPPER_CASE naming style (invalid-name)
constants.py:39:4: C0103: Class constant name "encounter_booncaster" doesn't conform to UPPER_CASE naming style (invalid-name)
constants.py:40:4: C0103: Class constant name "encounter_boonfighter" doesn't conform to UPPER_CASE naming style (invalid-name)
constants.py:41:4: C0103: Class constant name "encounter_boonprotector" doesn't conform to UPPER_CASE naming style (invalid-name)
constants.py:42:4: C0103: Class constant name "encounter_caster" doesn't conform to UPPER_CASE naming style (invalid-name)
constants.py:43:4: C0103: Class constant name "encounter_fighter" doesn't conform to UPPER_CASE naming style (invalid-name)
constants.py:44:4: C0103: Class constant name "encounter_protector" doesn't conform to UPPER_CASE naming style (invalid-name)
constants.py:45:4: C0103: Class constant name "encounter_elite" doesn't conform to UPPER_CASE naming style (invalid-name)
constants.py:46:4: C0103: Class constant name "boss" doesn't conform to UPPER_CASE naming style (invalid-name)
constants.py:47:4: C0103: Class constant name "bounties" doesn't conform to UPPER_CASE naming style (invalid-name)
constants.py:48:4: C0103: Class constant name "campfire" doesn't conform to UPPER_CASE naming style (invalid-name)
constants.py:49:4: C0103: Class constant name "encounter_card" doesn't conform to UPPER_CASE naming style (invalid-name)
constants.py:50:4: C0103: Class constant name "free_battle" doesn't conform to UPPER_CASE naming style (invalid-name)
constants.py:51:4: C0103: Class constant name "green" doesn't conform to UPPER_CASE naming style (invalid-name)
constants.py:52:4: C0103: Class constant name "heroic" doesn't conform to UPPER_CASE naming style (invalid-name)
constants.py:53:4: C0103: Class constant name "hourglass" doesn't conform to UPPER_CASE naming style (invalid-name)
constants.py:54:4: C0103: Class constant name "lose" doesn't conform to UPPER_CASE naming style (invalid-name)
constants.py:55:4: C0103: Class constant name "mystery" doesn't conform to UPPER_CASE naming style (invalid-name)
constants.py:56:4: C0103: Class constant name "noclass" doesn't conform to UPPER_CASE naming style (invalid-name)
constants.py:57:4: C0103: Class constant name "noclass2" doesn't conform to UPPER_CASE naming style (invalid-name)
constants.py:58:4: C0103: Class constant name "normal" doesn't conform to UPPER_CASE naming style (invalid-name)
constants.py:59:4: C0103: Class constant name "quests" doesn't conform to UPPER_CASE naming style (invalid-name)
constants.py:60:4: C0103: Class constant name "red" doesn't conform to UPPER_CASE naming style (invalid-name)
constants.py:61:4: C0103: Class constant name "replace_grey" doesn't conform to UPPER_CASE naming style (invalid-name)
constants.py:62:4: C0103: Class constant name "reward_chest" doesn't conform to UPPER_CASE naming style (invalid-name)
constants.py:63:4: C0103: Class constant name "sob" doesn't conform to UPPER_CASE naming style (invalid-name)
constants.py:64:4: C0103: Class constant name "spirithealer" doesn't conform to UPPER_CASE naming style (invalid-name)
constants.py:65:4: C0103: Class constant name "take_grey" doesn't conform to UPPER_CASE naming style (invalid-name)
constants.py:66:4: C0103: Class constant name "task_completed" doesn't conform to UPPER_CASE naming style (invalid-name)
constants.py:67:4: C0103: Class constant name "task_event_completed" doesn't conform to UPPER_CASE naming style (invalid-name)
constants.py:68:4: C0103: Class constant name "task_expansion_completed" doesn't conform to UPPER_CASE naming style (invalid-name)
constants.py:69:4: C0103: Class constant name "team_selection" doesn't conform to UPPER_CASE naming style (invalid-name)
constants.py:70:4: C0103: Class constant name "travelpoint" doesn't conform to UPPER_CASE naming style (invalid-name)
constants.py:71:4: C0103: Class constant name "treasure_passive" doesn't conform to UPPER_CASE naming style (invalid-name)
constants.py:72:4: C0103: Class constant name "view_party" doesn't conform to UPPER_CASE naming style (invalid-name)
constants.py:73:4: C0103: Class constant name "win" doesn't conform to UPPER_CASE naming style (invalid-name)
constants.py:74:4: C0103: Class constant name "win_final" doesn't conform to UPPER_CASE naming style (invalid-name)
constants.py:75:4: C0103: Class constant name "your_party" doesn't conform to UPPER_CASE naming style (invalid-name)
constants.py:78:0: C0115: Missing class docstring (missing-class-docstring)
constants.py:79:4: C0103: Class constant name "_dir_name" doesn't conform to UPPER_CASE naming style (invalid-name)
constants.py:81:4: C0103: Class constant name "allready" doesn't conform to UPPER_CASE naming style (invalid-name)
constants.py:82:4: C0103: Class constant name "arrow_prev" doesn't conform to UPPER_CASE naming style (invalid-name)
constants.py:83:4: C0103: Class constant name "arrow_next" doesn't conform to UPPER_CASE naming style (invalid-name)
constants.py:84:4: C0103: Class constant name "back" doesn't conform to UPPER_CASE naming style (invalid-name)
constants.py:85:4: C0103: Class constant name "campfire_claim" doesn't conform to UPPER_CASE naming style (invalid-name)
constants.py:86:4: C0103: Class constant name "campfire_completed_task" doesn't conform to UPPER_CASE naming style (invalid-name)
constants.py:87:4: C0103: Class constant name "campfire_completed_eventtask" doesn't conform to UPPER_CASE naming style (invalid-name)
constants.py:88:4: C0103: Class constant name "campfire_completed_partytask" doesn't conform to UPPER_CASE naming style (invalid-name)
constants.py:89:4: C0103: Class constant name "campfire_completed_expansiontask" doesn't conform to UPPER_CASE naming style (invalid-name)
constants.py:90:4: C0103: Class constant name "campfire_hiddenparty" doesn't conform to UPPER_CASE naming style (invalid-name)
constants.py:91:4: C0103: Class constant name "campfire_hiddenvisitors" doesn't conform to UPPER_CASE naming style (invalid-name)
constants.py:92:4: C0103: Class constant name "choose_level" doesn't conform to UPPER_CASE naming style (invalid-name)
constants.py:93:4: C0103: Class constant name "choose_team" doesn't conform to UPPER_CASE naming style (invalid-name)
constants.py:94:4: C0103: Class constant name "choose_travel" doesn't conform to UPPER_CASE naming style (invalid-name)
constants.py:95:4: C0103: Class constant name "done" doesn't conform to UPPER_CASE naming style (invalid-name)
constants.py:96:4: C0103: Class constant name "done_bonus" doesn't conform to UPPER_CASE naming style (invalid-name)
constants.py:97:4: C0103: Class constant name "fight" doesn't conform to UPPER_CASE naming style (invalid-name)
constants.py:98:4: C0103: Class constant name "finishok" doesn't conform to UPPER_CASE naming style (invalid-name)
constants.py:99:4: C0103: Class constant name "group_name" doesn't conform to UPPER_CASE naming style (invalid-name)
constants.py:100:4: C0103: Class constant name "join_button" doesn't conform to UPPER_CASE naming style (invalid-name)
constants.py:101:4: C0103: Class constant name "keep" doesn't conform to UPPER_CASE naming style (invalid-name)
constants.py:102:4: C0103: Class constant name "lockin" doesn't conform to UPPER_CASE naming style (invalid-name)
constants.py:103:4: C0103: Class constant name "num" doesn't conform to UPPER_CASE naming style (invalid-name)
constants.py:104:4: C0103: Class constant name "ok" doesn't conform to UPPER_CASE naming style (invalid-name)
constants.py:105:4: C0103: Class constant name "onedie" doesn't conform to UPPER_CASE naming style (invalid-name)
constants.py:106:4: C0103: Class constant name "pick" doesn't conform to UPPER_CASE naming style (invalid-name)
constants.py:107:4: C0103: Class constant name "play" doesn't conform to UPPER_CASE naming style (invalid-name)
constants.py:108:4: C0103: Class constant name "portal_warp" doesn't conform to UPPER_CASE naming style (invalid-name)
constants.py:109:4: C0103: Class constant name "reconnect" doesn't conform to UPPER_CASE naming style (invalid-name)
constants.py:111:4: C0103: Class constant name "retire" doesn't conform to UPPER_CASE naming style (invalid-name)
constants.py:112:4: C0103: Class constant name "reveal" doesn't conform to UPPER_CASE naming style (invalid-name)
constants.py:113:4: C0103: Class constant name "take" doesn't conform to UPPER_CASE naming style (invalid-name)
constants.py:114:4: C0103: Class constant name "tavern" doesn't conform to UPPER_CASE naming style (invalid-name)
constants.py:115:4: C0103: Class constant name "view_party" doesn't conform to UPPER_CASE naming style (invalid-name)
constants.py:116:4: C0103: Class constant name "visit" doesn't conform to UPPER_CASE naming style (invalid-name)
constants.py:117:4: C0103: Class constant name "battlenet_play" doesn't conform to UPPER_CASE naming style (invalid-name)
constants.py:118:4: C0103: Class constant name "battlenet" doesn't conform to UPPER_CASE naming style (invalid-name)
constants.py:119:4: C0103: Class constant name "battlenet_hearthstone" doesn't conform to UPPER_CASE naming style (invalid-name)
constants.py:122:0: C0115: Missing class docstring (missing-class-docstring)
constants.py:123:4: C0103: Class constant name "screenshot" doesn't conform to UPPER_CASE naming style (invalid-name)
constants.py:124:4: C0103: Class constant name "move" doesn't conform to UPPER_CASE naming style (invalid-name)
constants.py:125:4: C0103: Class constant name "get_coords_part_screen" doesn't conform to UPPER_CASE naming style (invalid-name)
constants.py:126:4: C0103: Class constant name "move_and_click" doesn't conform to UPPER_CASE naming style (invalid-name)
constants.py:127:4: C0103: Class constant name "get_coords" doesn't conform to UPPER_CASE naming style (invalid-name)
Module modules.encounter
encounter.py:171:5: W0511: TODO get multiple enemies per role for priority by (fixme)
encounter.py:187:1: W0511: TODO This could also be moved to an entirely new module (fixme)
encounter.py:1:0: C0114: Missing module docstring (missing-module-docstring)
encounter.py:19:0: C0103: Constant name "default_ability_section" doesn't conform to UPPER_CASE naming style (invalid-name)
encounter.py:20:0: C0103: Constant name "ability_section" doesn't conform to UPPER_CASE naming style (invalid-name)
encounter.py:23:0: C0115: Missing class docstring (missing-class-docstring)
encounter.py:24:4: R0913: Too many arguments (7/5) (too-many-arguments)
encounter.py:23:0: R0903: Too few public methods (0/2) (too-few-public-methods)
encounter.py:33:0: C0115: Missing class docstring (missing-class-docstring)
encounter.py:45:8: E1101: Instance of 'Board' has no 'myboard' member (no-member)
encounter.py:33:0: R0903: Too few public methods (0/2) (too-few-public-methods)
encounter.py:53:4: C0103: Variable name "cardWidth" doesn't conform to snake_case naming style (invalid-name)
encounter.py:54:4: C0103: Variable name "cardHeight" doesn't conform to snake_case naming style (invalid-name)
encounter.py:59:8: W1203: Use lazy % formatting in logging functions (logging-fstring-interpolation)
encounter.py:78:8: C0103: Variable name "toAttack" doesn't conform to snake_case naming style (invalid-name)
encounter.py:92:0: C0103: Function name "priorityMercByRole" doesn't conform to snake_case naming style (invalid-name)
encounter.py:92:23: C0103: Argument name "myMercs" doesn't conform to snake_case naming style (invalid-name)
encounter.py:118:38: C0103: Argument name "myMercs" doesn't conform to snake_case naming style (invalid-name)
encounter.py:118:65: C0103: Argument name "abilitySetting" doesn't conform to snake_case naming style (invalid-name)
encounter.py:121:4: C0103: Variable name "friendName" doesn't conform to snake_case naming style (invalid-name)
encounter.py:125:4: C0103: Variable name "cardSize" doesn't conform to snake_case naming style (invalid-name)
encounter.py:126:4: C0103: Variable name "firstOdd" doesn't conform to snake_case naming style (invalid-name)
encounter.py:127:4: C0103: Variable name "firstEven" doesn't conform to snake_case naming style (invalid-name)
encounter.py:128:4: C0103: Variable name "positionOdd" doesn't conform to snake_case naming style (invalid-name)
encounter.py:129:4: C0103: Variable name "positionEven" doesn't conform to snake_case naming style (invalid-name)
encounter.py:162:8: C0103: Variable name "x" doesn't conform to snake_case naming style (invalid-name)
encounter.py:165:8: C0103: Variable name "x" doesn't conform to snake_case naming style (invalid-name)
encounter.py:118:0: R0912: Too many branches (13/12) (too-many-branches)
encounter.py:170:0: C0116: Missing function or method docstring (missing-function-docstring)
encounter.py:170:0: C0103: Function name "pickBestAllyToBuff" doesn't conform to snake_case naming style (invalid-name)
encounter.py:170:32: C0103: Argument name "myMercs" doesn't conform to snake_case naming style (invalid-name)
encounter.py:188:0: C0116: Missing function or method docstring (missing-function-docstring)
encounter.py:188:0: C0103: Function name "findFriendNameInMercs" doesn't conform to snake_case naming style (invalid-name)
encounter.py:188:26: C0103: Argument name "myMercs" doesn't conform to snake_case naming style (invalid-name)
encounter.py:188:35: C0103: Argument name "friendName" doesn't conform to snake_case naming style (invalid-name)
encounter.py:197:36: C0103: Argument name "minionSection" doesn't conform to snake_case naming style (invalid-name)
encounter.py:197:57: C0103: Argument name "defaultAbility" doesn't conform to snake_case naming style (invalid-name)
encounter.py:204:8: C0103: Variable name "abilitiesNumber" doesn't conform to snake_case naming style (invalid-name)
encounter.py:220:0: C0116: Missing function or method docstring (missing-function-docstring)
encounter.py:253:0: C0116: Missing function or method docstring (missing-function-docstring)
encounter.py:253:41: C0103: Argument name "minionSection" doesn't conform to snake_case naming style (invalid-name)
encounter.py:253:62: C0103: Argument name "defaultAbility" doesn't conform to snake_case naming style (invalid-name)
encounter.py:254:4: C0103: Variable name "abilitiesWidth" doesn't conform to snake_case naming style (invalid-name)
encounter.py:255:4: C0103: Variable name "abilitiesHeigth" doesn't conform to snake_case naming style (invalid-name)
encounter.py:258:4: C0103: Variable name "abilitiesPositionY" doesn't conform to snake_case naming style (invalid-name)
encounter.py:263:4: C0103: Variable name "abilitiesPositionX" doesn't conform to snake_case naming style (invalid-name)
encounter.py:270:4: C0103: Variable name "abilityConfig" doesn't conform to snake_case naming style (invalid-name)
encounter.py:276:9: R1716: Simplify chained comparison between the operands (chained-comparison)
encounter.py:277:8: W1203: Use lazy % formatting in logging functions (logging-fstring-interpolation)
encounter.py:278:8: C0103: Variable name "abilityScreenshot" doesn't conform to snake_case naming style (invalid-name)
encounter.py:298:8: W1203: Use lazy % formatting in logging functions (logging-fstring-interpolation)
encounter.py:304:30: C0103: Argument name "myBoard" doesn't conform to snake_case naming style (invalid-name)
encounter.py:315:8: C0103: Variable name "abilitySetting" doesn't conform to snake_case naming style (invalid-name)
encounter.py:360:8: C0103: Variable name "abilitySetting" doesn't conform to snake_case naming style (invalid-name)
encounter.py:371:4: C0103: Argument name "mercName" doesn't conform to snake_case naming style (invalid-name)
encounter.py:372:4: C0103: Argument name "myMercs" doesn't conform to snake_case naming style (invalid-name)
encounter.py:389:4: C0103: Variable name "cardSize" doesn't conform to snake_case naming style (invalid-name)
encounter.py:390:4: C0103: Variable name "firstOdd" doesn't conform to snake_case naming style (invalid-name)
encounter.py:391:4: C0103: Variable name "firstEven" doesn't conform to snake_case naming style (invalid-name)
encounter.py:392:4: C0103: Variable name "positionOdd" doesn't conform to snake_case naming style (invalid-name)
encounter.py:393:4: C0103: Variable name "positionEven" doesn't conform to snake_case naming style (invalid-name)
encounter.py:401:8: C0103: Variable name "x" doesn't conform to snake_case naming style (invalid-name)
encounter.py:404:8: C0103: Variable name "x" doesn't conform to snake_case naming style (invalid-name)
encounter.py:405:4: C0103: Variable name "y" doesn't conform to snake_case naming style (invalid-name)
encounter.py:414:12: R0916: Too many boolean expressions in if statement (6/5) (too-many-boolean-expressions)
encounter.py:423:12: R0916: Too many boolean expressions in if statement (6/5) (too-many-boolean-expressions)
encounter.py:432:12: R0916: Too many boolean expressions in if statement (6/5) (too-many-boolean-expressions)
encounter.py:454:0: C0116: Missing function or method docstring (missing-function-docstring)
encounter.py:454:17: C0103: Argument name "ns" doesn't conform to snake_case naming style (invalid-name)
encounter.py:464:4: W1203: Use lazy % formatting in logging functions (logging-fstring-interpolation)
encounter.py:475:0: C0116: Missing function or method docstring (missing-function-docstring)
encounter.py:475:19: C0103: Argument name "ns" doesn't conform to snake_case naming style (invalid-name)
encounter.py:479:0: C0116: Missing function or method docstring (missing-function-docstring)
encounter.py:479:21: C0103: Argument name "ns" doesn't conform to snake_case naming style (invalid-name)
encounter.py:483:0: C0116: Missing function or method docstring (missing-function-docstring)
encounter.py:483:20: C0103: Argument name "ns" doesn't conform to snake_case naming style (invalid-name)
encounter.py:487:0: C0116: Missing function or method docstring (missing-function-docstring)
encounter.py:487:23: C0103: Argument name "ns" doesn't conform to snake_case naming style (invalid-name)
encounter.py:491:0: C0116: Missing function or method docstring (missing-function-docstring)
encounter.py:491:24: C0103: Argument name "ns" doesn't conform to snake_case naming style (invalid-name)
encounter.py:495:0: C0116: Missing function or method docstring (missing-function-docstring)
encounter.py:495:19: C0103: Argument name "ns" doesn't conform to snake_case naming style (invalid-name)
encounter.py:499:0: C0116: Missing function or method docstring (missing-function-docstring)
encounter.py:499:27: C0103: Argument name "ns" doesn't conform to snake_case naming style (invalid-name)
encounter.py:510:11: C0103: Argument name "zoneLog" doesn't conform to snake_case naming style (invalid-name)
encounter.py:534:8: R1723: Unnecessary "elif" after "break", remove the leading "el" from "elif" (no-else-break)
encounter.py:556:12: W1203: Use lazy % formatting in logging functions (logging-fstring-interpolation)
encounter.py:559:12: W1203: Use lazy % formatting in logging functions (logging-fstring-interpolation)
encounter.py:569:12: C0103: Variable name "enemyBoard_left" doesn't conform to snake_case naming style (invalid-name)
encounter.py:570:12: C0103: Variable name "enemyBoard_right" doesn't conform to snake_case naming style (invalid-name)
encounter.py:571:12: C0103: Variable name "enemyBoardScreenshot" doesn't conform to snake_case naming style (invalid-name)
encounter.py:621:0: C0103: Function name "selectCardsInHand" doesn't conform to snake_case naming style (invalid-name)
encounter.py:621:22: C0103: Argument name "zL" doesn't conform to snake_case naming style (invalid-name)
encounter.py:632:4: W0603: Using the global statement (global-statement)
encounter.py:652:16: W1203: Use lazy % formatting in logging functions (logging-fstring-interpolation)
encounter.py:659:8: W1203: Use lazy % formatting in logging functions (logging-fstring-interpolation)
encounter.py:663:8: W1203: Use lazy % formatting in logging functions (logging-fstring-interpolation)
encounter.py:664:8: C0103: Variable name "x1" doesn't conform to snake_case naming style (invalid-name)
encounter.py:665:8: C0103: Variable name "y1" doesn't conform to snake_case naming style (invalid-name)
encounter.py:666:8: C0103: Variable name "x2" doesn't conform to snake_case naming style (invalid-name)
encounter.py:667:8: C0103: Variable name "y2" doesn't conform to snake_case naming style (invalid-name)
encounter.py:672:12: W1203: Use lazy % formatting in logging functions (logging-fstring-interpolation)
encounter.py:700:0: C0115: Missing class docstring (missing-class-docstring)
encounter.py:700:0: C0103: Class name "cardsInHand" doesn't conform to PascalCase naming style (invalid-name)
encounter.py:701:28: C0103: Argument name "zLog" doesn't conform to snake_case naming style (invalid-name)
encounter.py:710:4: C0116: Missing function or method docstring (missing-function-docstring)
encounter.py:717:12: W1203: Use lazy % formatting in logging functions (logging-fstring-interpolation)
encounter.py:725:20: W1203: Use lazy % formatting in logging functions (logging-fstring-interpolation)
encounter.py:710:4: R1710: Either all return statements in a function should return an expression, or none of them should. (inconsistent-return-statements)
encounter.py:728:4: C0116: Missing function or method docstring (missing-function-docstring)
encounter.py:732:4: C0116: Missing function or method docstring (missing-function-docstring)
encounter.py:735:4: C0116: Missing function or method docstring (missing-function-docstring)
encounter.py:736:8: W0201: Attribute 'coord_y' defined outside __init__ (attribute-defined-outside-init)
Module modules.exceptions
exceptions.py:1:0: C0114: Missing module docstring (missing-module-docstring)
exceptions.py:1:0: C0115: Missing class docstring (missing-class-docstring)
exceptions.py:5:0: C0115: Missing class docstring (missing-class-docstring)
exceptions.py:9:0: C0115: Missing class docstring (missing-class-docstring)
exceptions.py:13:0: C0115: Missing class docstring (missing-class-docstring)
exceptions.py:17:0: C0115: Missing class docstring (missing-class-docstring)
exceptions.py:21:0: C0115: Missing class docstring (missing-class-docstring)
exceptions.py:25:0: C0115: Missing class docstring (missing-class-docstring)
exceptions.py:29:0: C0115: Missing class docstring (missing-class-docstring)
C:\Documents and Settings\josh\Downloads\Mercenaries_Farm_Bot-Realive-main\modules\file_utils.py:34:31: W605 invalid escape sequence '\.'
Module modules.file_utils
file_utils.py:34:30: W1401: Anomalous backslash in string: '\.'. String constant might be missing an r prefix. (anomalous-backslash-in-string)
file_utils.py:1:0: C0114: Missing module docstring (missing-module-docstring)
file_utils.py:13:9: W1514: Using open without explicitly specifying an encoding (unspecified-encoding)
file_utils.py:25:0: C0103: Function name "parseINI" doesn't conform to snake_case naming style (invalid-name)
file_utils.py:42:0: C0103: Function name "readINI" doesn't conform to snake_case naming style (invalid-name)
file_utils.py:51:11: W0212: Access to a protected member _sections of a client class (protected-access)
file_utils.py:54:0: C0103: Function name "writeINI" doesn't conform to snake_case naming style (invalid-name)
file_utils.py:63:9: W1514: Using open without explicitly specifying an encoding (unspecified-encoding)
file_utils.py:67:0: C0116: Missing function or method docstring (missing-function-docstring)
file_utils.py:68:4: W0106: Expression "os.path.exists(dstdir) or os.mkdir(dstdir)" is assigned to nothing (expression-not-assigned)
Module modules.game
game.py:1:0: C0114: Missing module docstring (missing-module-docstring)
game.py:15:14: C0103: Argument name "t" doesn't conform to snake_case naming style (invalid-name)
game.py:17:24: C0209: Formatting a regular string which could be a f-string (consider-using-f-string)
game.py:20:12: C0209: Formatting a regular string which could be a f-string (consider-using-f-string)
game.py:25:0: C0103: Function name "waitForItOrPass" doesn't conform to snake_case naming style (invalid-name)
game.py:34:4: W1203: Use lazy % formatting in logging functions (logging-fstring-interpolation)
game.py:45:0: C0103: Function name "defaultCase" doesn't conform to snake_case naming style (invalid-name)
game.py:47:4: W0105: String statement has no effect (pointless-string-statement)
game.py:51:8: C0103: Variable name "x" doesn't conform to snake_case naming style (invalid-name)
game.py:51:11: C0103: Variable name "y" doesn't conform to snake_case naming style (invalid-name)
game.py:53:8: C0103: Variable name "mx" doesn't conform to snake_case naming style (invalid-name)
game.py:54:8: C0103: Variable name "my" doesn't conform to snake_case naming style (invalid-name)
game.py:10:0: C0411: standard import "import logging" should be placed before "from .image_utils import find_element" (wrong-import-order)
resolution.py:1: error: Cannot find implementation or library stub for module named "cv2"  [import]
Found 12 errors in 6 files (checked 1 source file)
Module modules.gameloop
gameloop.py:1:0: C0114: Missing module docstring (missing-module-docstring)
gameloop.py:28:8: W1203: Use lazy % formatting in logging functions (logging-fstring-interpolation)
gameloop.py:39:8: C0103: Variable name "mx" doesn't conform to snake_case naming style (invalid-name)
gameloop.py:40:8: C0103: Variable name "my" doesn't conform to snake_case naming style (invalid-name)
gameloop.py:15:0: C0411: standard import "import logging" should be placed before "from .bounty import selectGroup, travelToLevel, goToEncounter" (wrong-import-order)
Module modules.image_utils
image_utils.py:1:0: C0114: Missing module docstring (missing-module-docstring)
image_utils.py:4:0: E0401: Unable to import 'cv2' (import-error)
image_utils.py:5:0: E0401: Unable to import 'numpy' (import-error)
image_utils.py:43:11: W0718: Catching too general exception Exception (broad-exception-caught)
image_utils.py:38:12: W0719: Raising too general exception: Exception (broad-exception-raised)
image_utils.py:43:4: C0103: Variable name "e" doesn't conform to snake_case naming style (invalid-name)
image_utils.py:44:8: W1203: Use lazy % formatting in logging functions (logging-fstring-interpolation)
image_utils.py:64:12: W1203: Use lazy % formatting in logging functions (logging-fstring-interpolation)
image_utils.py:67:8: W1203: Use lazy % formatting in logging functions (logging-fstring-interpolation)
image_utils.py:90:8: C0103: Variable name "x" doesn't conform to snake_case naming style (invalid-name)
image_utils.py:90:11: C0103: Variable name "y" doesn't conform to snake_case naming style (invalid-name)
image_utils.py:91:8: R1705: Unnecessary "elif" after "return", remove the leading "el" from "elif" (no-else-return)
image_utils.py:171:8: W1203: Use lazy % formatting in logging functions (logging-fstring-interpolation)
image_utils.py:176:8: W1203: Use lazy % formatting in logging functions (logging-fstring-interpolation)
image_utils.py:115:4: W0613: Unused argument 'speed' (unused-argument)
image_utils.py:182:4: C0103: Argument name "x" doesn't conform to snake_case naming style (invalid-name)
image_utils.py:183:4: C0103: Argument name "y" doesn't conform to snake_case naming style (invalid-name)
image_utils.py:181:0: R0913: Too many arguments (9/5) (too-many-arguments)
image_utils.py:198:4: W0602: Using global for 'sct' but no assignment is done (global-variable-not-assigned)
image_utils.py:206:4: C0103: Variable name "partImg" doesn't conform to snake_case naming style (invalid-name)
image_utils.py:209:8: C0103: Variable name "partImg" doesn't conform to snake_case naming style (invalid-name)
image_utils.py:211:8: C0103: Variable name "partImg" doesn't conform to snake_case naming style (invalid-name)
image_utils.py:187:4: W0613: Unused argument 'resolution' (unused-argument)
image_utils.py:233:4: C0103: Variable name "h" doesn't conform to snake_case naming style (invalid-name)
image_utils.py:234:4: C0103: Variable name "w" doesn't conform to snake_case naming style (invalid-name)
image_utils.py:14:0: C0411: standard import "import logging" should be placed before "import cv2" (wrong-import-order)
image_utils.py:19:0: C0411: third party import "import mss" should be placed before "from .platforms import windowMP" (wrong-import-order)
C:\Documents and Settings\josh\Downloads\Mercenaries_Farm_Bot-Realive-main\modules\log_board.py:63:101: E501 line too long (127 > 100 characters)
C:\Documents and Settings\josh\Downloads\Mercenaries_Farm_Bot-Realive-main\modules\log_board.py:67:101: E501 line too long (131 > 100 characters)
C:\Documents and Settings\josh\Downloads\Mercenaries_Farm_Bot-Realive-main\modules\log_board.py:79:101: E501 line too long (121 > 100 characters)
C:\Documents and Settings\josh\Downloads\Mercenaries_Farm_Bot-Realive-main\modules\log_board.py:83:101: E501 line too long (125 > 100 characters)
C:\Documents and Settings\josh\Downloads\Mercenaries_Farm_Bot-Realive-main\modules\log_board.py:99:101: E501 line too long (127 > 100 characters)
C:\Documents and Settings\josh\Downloads\Mercenaries_Farm_Bot-Realive-main\modules\log_board.py:103:101: E501 line too long (131 > 100 characters)
C:\Documents and Settings\josh\Downloads\Mercenaries_Farm_Bot-Realive-main\modules\log_board.py:123:101: E501 line too long (104 > 100 characters)
C:\Documents and Settings\josh\Downloads\Mercenaries_Farm_Bot-Realive-main\modules\log_board.py:130:101: E501 line too long (115 > 100 characters)
C:\Documents and Settings\josh\Downloads\Mercenaries_Farm_Bot-Realive-main\modules\log_board.py:134:101: E501 line too long (119 > 100 characters)
Module modules.log_board
log_board.py:63:0: C0301: Line too long (127/100) (line-too-long)
log_board.py:67:0: C0301: Line too long (131/100) (line-too-long)
log_board.py:79:0: C0301: Line too long (121/100) (line-too-long)
log_board.py:83:0: C0301: Line too long (125/100) (line-too-long)
log_board.py:99:0: C0301: Line too long (127/100) (line-too-long)
log_board.py:103:0: C0301: Line too long (131/100) (line-too-long)
log_board.py:123:0: C0301: Line too long (104/100) (line-too-long)
log_board.py:130:0: C0301: Line too long (115/100) (line-too-long)
log_board.py:134:0: C0301: Line too long (119/100) (line-too-long)
log_board.py:1:0: C0114: Missing module docstring (missing-module-docstring)
log_board.py:10:0: C0115: Missing class docstring (missing-class-docstring)
log_board.py:22:8: C0103: Attribute name "filePos" doesn't conform to snake_case naming style (invalid-name)
log_board.py:27:8: C0103: Attribute name "cardsInHand" doesn't conform to snake_case naming style (invalid-name)
log_board.py:28:8: C0103: Attribute name "myBoard" doesn't conform to snake_case naming style (invalid-name)
log_board.py:29:8: C0103: Attribute name "mercsId" doesn't conform to snake_case naming style (invalid-name)
log_board.py:31:8: C0103: Attribute name "enemiesBoard" doesn't conform to snake_case naming style (invalid-name)
log_board.py:32:8: C0103: Attribute name "enemiesId" doesn't conform to snake_case naming style (invalid-name)
log_board.py:10:0: R0902: Too many instance attributes (13/7) (too-many-instance-attributes)
log_board.py:25:23: R1732: Consider using 'with' for resource-allocating operations (consider-using-with)
log_board.py:36:4: C0116: Missing function or method docstring (missing-function-docstring)
log_board.py:50:4: C0116: Missing function or method docstring (missing-function-docstring)
log_board.py:66:32: C0103: Variable name "mercId" doesn't conform to snake_case naming style (invalid-name)
log_board.py:82:28: C0103: Variable name "enemyId" doesn't conform to snake_case naming style (invalid-name)
log_board.py:102:28: C0103: Variable name "enemyId" doesn't conform to snake_case naming style (invalid-name)
log_board.py:50:4: R0912: Too many branches (16/12) (too-many-branches)
log_board.py:142:4: C0116: Missing function or method docstring (missing-function-docstring)
log_board.py:143:8: R1705: Unnecessary "else" after "return", remove the "else" and de-indent the code inside it (no-else-return)
log_board.py:149:4: C0116: Missing function or method docstring (missing-function-docstring)
log_board.py:152:8: C0103: Variable name "t1" doesn't conform to snake_case naming style (invalid-name)
log_board.py:156:4: C0116: Missing function or method docstring (missing-function-docstring)
log_board.py:163:4: C0116: Missing function or method docstring (missing-function-docstring)
log_board.py:163:4: C0103: Method name "cleanHand" doesn't conform to snake_case naming style (invalid-name)
log_board.py:166:4: C0116: Missing function or method docstring (missing-function-docstring)
log_board.py:166:4: C0103: Method name "getHand" doesn't conform to snake_case naming style (invalid-name)
log_board.py:169:4: C0116: Missing function or method docstring (missing-function-docstring)
log_board.py:169:4: C0103: Method name "cleanBoard" doesn't conform to snake_case naming style (invalid-name)
log_board.py:175:4: C0116: Missing function or method docstring (missing-function-docstring)
log_board.py:175:4: C0103: Method name "getMyBoard" doesn't conform to snake_case naming style (invalid-name)
log_board.py:176:0: C0206: Consider iterating with .items() (consider-using-dict-items)
log_board.py:176:64: C0201: Consider iterating the dictionary directly instead of calling .keys() (consider-iterating-dictionary)
log_board.py:178:4: C0116: Missing function or method docstring (missing-function-docstring)
log_board.py:178:4: C0103: Method name "getEnemyBoard" doesn't conform to snake_case naming style (invalid-name)
log_board.py:179:0: C0206: Consider iterating with .items() (consider-using-dict-items)
log_board.py:179:71: C0201: Consider iterating the dictionary directly instead of calling .keys() (consider-iterating-dictionary)
log_board.py:151:8: W0201: Attribute '__running' defined outside __init__ (attribute-defined-outside-init)
log_board.py:158:8: W0201: Attribute '__running' defined outside __init__ (attribute-defined-outside-init)
log_board.py:153:8: W0201: Attribute 'thread' defined outside __init__ (attribute-defined-outside-init)
Module modules.mouse_utils
mouse_utils.py:1:0: C0114: Missing module docstring (missing-module-docstring)
mouse_utils.py:3:0: E0401: Unable to import 'pyautogui' (import-error)
mouse_utils.py:10:0: C0116: Missing function or method docstring (missing-function-docstring)
mouse_utils.py:14:0: C0116: Missing function or method docstring (missing-function-docstring)
mouse_utils.py:14:17: C0103: Argument name "s" doesn't conform to snake_case naming style (invalid-name)
mouse_utils.py:22:0: C0116: Missing function or method docstring (missing-function-docstring)
mouse_utils.py:23:4: C0103: Variable name "x" doesn't conform to snake_case naming style (invalid-name)
mouse_utils.py:23:7: C0103: Variable name "y" doesn't conform to snake_case naming style (invalid-name)
mouse_utils.py:27:0: C0116: Missing function or method docstring (missing-function-docstring)
mouse_utils.py:27:33: C0103: Argument name "x" doesn't conform to snake_case naming style (invalid-name)
mouse_utils.py:27:36: C0103: Argument name "y" doesn't conform to snake_case naming style (invalid-name)
mouse_utils.py:33:0: C0116: Missing function or method docstring (missing-function-docstring)
mouse_utils.py:33:23: C0103: Argument name "x" doesn't conform to snake_case naming style (invalid-name)
mouse_utils.py:33:26: C0103: Argument name "y" doesn't conform to snake_case naming style (invalid-name)
mouse_utils.py:34:4: C0103: Variable name "p" doesn't conform to snake_case naming style (invalid-name)
mouse_utils.py:35:4: C0103: Variable name "s" doesn't conform to snake_case naming style (invalid-name)
Module modules.notification
notification.py:1:0: C0114: Missing module docstring (missing-module-docstring)
notification.py:24:11: W0718: Catching too general exception Exception (broad-exception-caught)
notification.py:18:8: R1732: Consider using 'with' for resource-allocating operations (consider-using-with)
notification.py:19:8: W1203: Use lazy % formatting in logging functions (logging-fstring-interpolation)
notification.py:20:4: C0103: Variable name "e" doesn't conform to snake_case naming style (invalid-name)
notification.py:21:8: W1203: Use lazy % formatting in logging functions (logging-fstring-interpolation)
notification.py:22:4: C0103: Variable name "e" doesn't conform to snake_case naming style (invalid-name)
notification.py:23:8: W1203: Use lazy % formatting in logging functions (logging-fstring-interpolation)
notification.py:24:4: C0103: Variable name "e" doesn't conform to snake_case naming style (invalid-name)
notification.py:25:8: W1203: Use lazy % formatting in logging functions (logging-fstring-interpolation)
notification.py:44:11: W0718: Catching too general exception Exception (broad-exception-caught)
notification.py:38:8: R1732: Consider using 'with' for resource-allocating operations (consider-using-with)
notification.py:39:8: W1203: Use lazy % formatting in logging functions (logging-fstring-interpolation)
notification.py:40:4: C0103: Variable name "e" doesn't conform to snake_case naming style (invalid-name)
notification.py:41:8: W1203: Use lazy % formatting in logging functions (logging-fstring-interpolation)
notification.py:42:4: C0103: Variable name "e" doesn't conform to snake_case naming style (invalid-name)
notification.py:43:8: W1203: Use lazy % formatting in logging functions (logging-fstring-interpolation)
notification.py:44:4: C0103: Variable name "e" doesn't conform to snake_case naming style (invalid-name)
notification.py:45:8: W1203: Use lazy % formatting in logging functions (logging-fstring-interpolation)
notification.py:5:0: C0411: standard import "import logging" should be placed before "from .settings import settings_dict" (wrong-import-order)
resolution.py:1: note: See https://mypy.readthedocs.io/en/stable/running_mypy.html#missing-imports
Module modules.resolution
resolution.py:1:0: C0114: Missing module docstring (missing-module-docstring)
resolution.py:1:0: E0401: Unable to import 'cv2' (import-error)
resolution.py:15:0: W0102: Dangerous default value [] as argument (dangerous-default-value)
resolution.py:32:0: C0116: Missing function or method docstring (missing-function-docstring)
resolution.py:42:0: C0116: Missing function or method docstring (missing-function-docstring)
resolution.py:45:4: C0103: Variable name "ox" doesn't conform to snake_case naming style (invalid-name)
resolution.py:45:8: C0103: Variable name "oy" doesn't conform to snake_case naming style (invalid-name)
resolution.py:46:4: C0103: Variable name "nx" doesn't conform to snake_case naming style (invalid-name)
resolution.py:46:8: C0103: Variable name "ny" doesn't conform to snake_case naming style (invalid-name)
resolution.py:49:8: W1203: Use lazy % formatting in logging functions (logging-fstring-interpolation)
resolution.py:67:16: W1203: Use lazy % formatting in logging functions (logging-fstring-interpolation)
resolution.py:3:0: C0411: standard import "import os" should be placed before "import cv2" (wrong-import-order)
resolution.py:7:0: C0411: standard import "import logging" should be placed before "import cv2" (wrong-import-order)
Module modules.travelpoint
travelpoint.py:1:0: C0114: Missing module docstring (missing-module-docstring)
travelpoint.py:20:0: C0116: Missing function or method docstring (missing-function-docstring)
travelpoint.py:29:0: C0103: Function name "travelpointSelection" doesn't conform to snake_case naming style (invalid-name)
travelpoint.py:59:19: W0718: Catching too general exception Exception (broad-exception-caught)
travelpoint.py:60:16: W1203: Use lazy % formatting in logging functions (logging-fstring-interpolation)
travelpoint.py:15:0: C0411: standard import "import logging" should be placed before "from .platforms import windowMP" (wrong-import-order)
Module modules.treasure
treasure.py:1:0: C0114: Missing module docstring (missing-module-docstring)
treasure.py:19:0: C0103: Function name "chooseTreasure" doesn't conform to snake_case naming style (invalid-name)
treasure.py:29:4: W1203: Use lazy % formatting in logging functions (logging-fstring-interpolation)
treasure.py:50:12: C0103: Variable name "y" doesn't conform to snake_case naming style (invalid-name)
treasure.py:51:12: C0103: Variable name "x" doesn't conform to snake_case naming style (invalid-name)
treasure.py:12:0: C0411: standard import "import logging" should be placed before "from .platforms import windowMP" (wrong-import-order)
Module modules.utils
utils.py:1:0: C0114: Missing module docstring (missing-module-docstring)
C:\Documents and Settings\josh\Downloads\Mercenaries_Farm_Bot-Realive-main\tools\findObject.py:4:1: F811 redefinition of unused 'mss' from line 3
C:\Documents and Settings\josh\Downloads\Mercenaries_Farm_Bot-Realive-main\tools\findObject.py:35:101: E501 line too long (135 > 100 characters)
findObject.py:1: error: Cannot find implementation or library stub for module named "cv2"  [import]
findObject.py:1: note: See https://mypy.readthedocs.io/en/stable/running_mypy.html#missing-imports
findObject.py:2: error: Cannot find implementation or library stub for module named "numpy"  [import]
findObject.py:4: error: Incompatible import of "mss" (imported name has type Module, local name has type "Callable[[KwArg(Any)], MSSBase]")  [assignment]
findObject.py:18: error: "Callable[[KwArg(Any)], MSSBase]" has no attribute "mss"  [attr-defined]
Module findObject
findObject.py:35:0: C0301: Line too long (135/100) (line-too-long)
findObject.py:1:0: C0114: Missing module docstring (missing-module-docstring)
findObject.py:1:0: C0103: Module name "findObject" doesn't conform to snake_case naming style (invalid-name)
findObject.py:1:0: E0401: Unable to import 'cv2' (import-error)
findObject.py:2:0: E0401: Unable to import 'numpy' (import-error)
findObject.py:4:0: W0404: Reimport 'mss' (imported line 3) (reimported)
findObject.py:7:0: W0105: String statement has no effect (pointless-string-statement)
findObject.py:20:4: C0103: Constant name "imgTmpPath" doesn't conform to UPPER_CASE naming style (invalid-name)
findObject.py:45:4: R1722: Consider using 'sys.exit' instead (consider-using-sys-exit)
findObject.py:47:24: E0601: Using variable 'img' before assignment (used-before-assignment)
findObject.py:48:22: E0601: Using variable 'imgTmpPath' before assignment (used-before-assignment)
findObject.py:53:25: E0601: Using variable 'threshold' before assignment (used-before-assignment)
findObject.py:58:20: W0631: Using possibly undefined loop variable 'pt' (undefined-loop-variable)
findObject.py:58:27: W0631: Using possibly undefined loop variable 'pt' (undefined-loop-variable)
findObject.py:5:0: C0411: standard import "import sys" should be placed before "import cv2" (wrong-import-order)
modules\constants.py:110: error: Incompatible types in assignment (expression has type "str", base class "str" defined the type as "Callable[[str, str, str, SupportsIndex], str]")  [assignment]
modules\platforms\window_managers\windows\ahk_manager.py:9: error: Cannot find implementation or library stub for module named "ahk"  [import]
modules\__init__.py:42: error: "ConfigParser" has no attribute "_sections"  [attr-defined]
modules\__init__.py:49: error: "ConfigParser" has no attribute "_sections"  [attr-defined]
modules\__init__.py:51: error: "ConfigParser" has no attribute "_sections"  [attr-defined]
modules\__init__.py:58: error: Value of type "object" is not indexable  [index]
modules\platforms\window_managers\linux.py:12: error: Cannot find implementation or library stub for module named "pgi"  [import]
modules\platforms\window_managers\linux.py:15: error: Cannot find implementation or library stub for module named "gi"  [import]
modules\platforms\window_managers\linux.py:18: error: Cannot find implementation or library stub for module named "gi.repository"  [import]
modules\resolution.py:1: error: Cannot find implementation or library stub for module named "cv2"  [import]
modules\resolution.py:1: note: See https://mypy.readthedocs.io/en/stable/running_mypy.html#missing-imports
modules\image_utils.py:4: error: Cannot find implementation or library stub for module named "cv2"  [import]
modules\image_utils.py:5: error: Cannot find implementation or library stub for module named "numpy"  [import]
Module main
main.py:1:0: C0114: Missing module docstring (missing-module-docstring)
main.py:15:0: C0116: Missing function or method docstring (missing-function-docstring)
main.py:16:4: W1203: Use lazy % formatting in logging functions (logging-fstring-interpolation)
main.py:19:4: C0103: Variable name "BNCount" doesn't conform to snake_case naming style (invalid-name)
main.py:37:15: W0718: Catching too general exception Exception (broad-exception-caught)
main.py:26:16: C0103: Variable name "BNCount" doesn't conform to snake_case naming style (invalid-name)
main.py:30:20: C0103: Variable name "BNCount" doesn't conform to snake_case naming style (invalid-name)
main.py:32:20: C0103: Variable name "BNCount" doesn't conform to snake_case naming style (invalid-name)
main.py:10:0: C0411: standard import "import logging" should be placed before "from modules.gameloop import where" (wrong-import-order)
